<?xml version="1.0" encoding="UTF-8"?>
<!-- Generated by org.testng.reporters.JUnitXMLReporter -->
<testsuite hostname="2KF0582" ignored="0" name="Chrome Desktop" tests="1" failures="1" timestamp="05 May 2022 13:21:10 GMT" time="83.222" errors="0">
  <testcase name="TC_SOP_005_User_Can_Complete_Checkout_With_Express_Delivery_Shipping" time="69.733" classname="com.omahasteaks.tests.ShippingOptions.TC_SOP_005_UserCanCompleteCheckoutWithExpressDelivery">
    <failure type="org.openqa.selenium.NoSuchElementException" message="no such element: Unable to locate element: {&amp;quot;method&amp;quot;:&amp;quot;xpath&amp;quot;,&amp;quot;selector&amp;quot;:&amp;quot;//div[input[@name=&amp;apos;shipmeth&amp;apos; and @title=&amp;quot;Express Delivery&amp;quot;]]&amp;quot;}
  (Session info: chrome=101.0.4951.54)
For documentation on this error, please visit: https://selenium.dev/exceptions/#no_such_element
Build info: version: &amp;apos;4.1.1&amp;apos;, revision: &amp;apos;e8fcc2cecf&amp;apos;
System info: host: &amp;apos;2KF0582&amp;apos;, ip: &amp;apos;10.230.2.19&amp;apos;, os.name: &amp;apos;Windows 10&amp;apos;, os.arch: &amp;apos;amd64&amp;apos;, os.version: &amp;apos;10.0&amp;apos;, java.version: &amp;apos;1.8.0_231&amp;apos;
Driver info: org.openqa.selenium.chrome.ChromeDriver
Command: [73a01024a7c2f20bf9bb969fd8ade95c, findElement {using=xpath, value=//div[input[@name=&amp;apos;shipmeth&amp;apos; and @title=&amp;quot;Express Delivery&amp;quot;]]}]
Capabilities {acceptInsecureCerts: false, browserName: chrome, browserVersion: 101.0.4951.54, chrome: {chromedriverVersion: 101.0.4951.41 (93c720db8323..., userDataDir: C:\Users\bobr\AppData\Local...}, goog:chromeOptions: {debuggerAddress: localhost:59869}, javascriptEnabled: true, networkConnectionEnabled: false, pageLoadStrategy: normal, platform: WINDOWS, platformName: WINDOWS, proxy: Proxy(), se:cdp: ws://localhost:59869/devtoo..., se:cdpVersion: 101.0.4951.54, setWindowRect: true, strictFileInteractability: false, timeouts: {implicit: 0, pageLoad: 300000, script: 30000}, unhandledPromptBehavior: dismiss and notify, webauthn:extension:credBlob: true, webauthn:extension:largeBlob: true, webauthn:virtualAuthenticators: true}
Session ID: 73a01024a7c2f20bf9bb969fd8ade95c">
      <![CDATA[org.openqa.selenium.NoSuchElementException: no such element: Unable to locate element: {"method":"xpath","selector":"//div[input[@name='shipmeth' and @title="Express Delivery"]]"}
  (Session info: chrome=101.0.4951.54)
For documentation on this error, please visit: https://selenium.dev/exceptions/#no_such_element
Build info: version: '4.1.1', revision: 'e8fcc2cecf'
System info: host: '2KF0582', ip: '10.230.2.19', os.name: 'Windows 10', os.arch: 'amd64', os.version: '10.0', java.version: '1.8.0_231'
Driver info: org.openqa.selenium.chrome.ChromeDriver
Command: [73a01024a7c2f20bf9bb969fd8ade95c, findElement {using=xpath, value=//div[input[@name='shipmeth' and @title="Express Delivery"]]}]
Capabilities {acceptInsecureCerts: false, browserName: chrome, browserVersion: 101.0.4951.54, chrome: {chromedriverVersion: 101.0.4951.41 (93c720db8323..., userDataDir: C:\Users\bobr\AppData\Local...}, goog:chromeOptions: {debuggerAddress: localhost:59869}, javascriptEnabled: true, networkConnectionEnabled: false, pageLoadStrategy: normal, platform: WINDOWS, platformName: WINDOWS, proxy: Proxy(), se:cdp: ws://localhost:59869/devtoo..., se:cdpVersion: 101.0.4951.54, setWindowRect: true, strictFileInteractability: false, timeouts: {implicit: 0, pageLoad: 300000, script: 30000}, unhandledPromptBehavior: dismiss and notify, webauthn:extension:credBlob: true, webauthn:extension:largeBlob: true, webauthn:virtualAuthenticators: true}
Session ID: 73a01024a7c2f20bf9bb969fd8ade95c
at org.openqa.selenium.remote.codec.w3c.W3CHttpResponseCodec.createException(W3CHttpResponseCodec.java:200)
at org.openqa.selenium.remote.codec.w3c.W3CHttpResponseCodec.decode(W3CHttpResponseCodec.java:133)
at org.openqa.selenium.remote.codec.w3c.W3CHttpResponseCodec.decode(W3CHttpResponseCodec.java:53)
at org.openqa.selenium.remote.HttpCommandExecutor.execute(HttpCommandExecutor.java:184)
at org.openqa.selenium.remote.service.DriverCommandExecutor.invokeExecute(DriverCommandExecutor.java:167)
at org.openqa.selenium.remote.service.DriverCommandExecutor.execute(DriverCommandExecutor.java:142)
at org.openqa.selenium.remote.RemoteWebDriver.execute(RemoteWebDriver.java:543)
at org.openqa.selenium.remote.ElementLocation$ElementFinder$2.findElement(ElementLocation.java:162)
at org.openqa.selenium.remote.ElementLocation.findElement(ElementLocation.java:60)
at org.openqa.selenium.remote.RemoteWebDriver.findElement(RemoteWebDriver.java:367)
at org.openqa.selenium.remote.RemoteWebDriver.findElement(RemoteWebDriver.java:359)
at com.logigear.control.base.imp.BaseControl.getElement(BaseControl.java:151)
at com.logigear.control.base.imp.BaseControl.getText(BaseControl.java:200)
at com.omahasteaks.page.payment.and.review.PaymentAndReviewPage2SC_Desktop.isShippingMethodDisplaysOnPopup(PaymentAndReviewPage2SC_Desktop.java:816)
at com.omahasteaks.tests.ShippingOptions.TC_SOP_005_UserCanCompleteCheckoutWithExpressDelivery.TC_SOP_005_User_Can_Complete_Checkout_With_Express_Delivery_Shipping(TC_SOP_005_UserCanCompleteCheckoutWithExpressDelivery.java:63)
... Removed 28 stack frames]]>
    </failure>
  </testcase> <!-- TC_SOP_005_User_Can_Complete_Checkout_With_Express_Delivery_Shipping -->
</testsuite> <!-- Chrome Desktop -->
